[2018-12-21 09:40:33] [info]: server started and listening...
[2018-12-21 09:46:12] [info]: server started and listening...
[2018-12-21 09:48:05] [info]: server started and listening...
[2018-12-21 09:49:53] [info]: server started and listening...
[2018-12-21 10:49:14] [info]: server started and listening...
[2018-12-21 10:55:50] [info]: server started and listening...
[2018-12-21 11:22:30] [info]: server started and listening...
[2018-12-21 11:32:56] [info]: server started and listening...
[2018-12-21 11:35:52] [info]: server started and listening...
[2018-12-21 11:38:51] [info]: server started and listening...
[2018-12-21 11:39:33] [info]: server started and listening...
[2018-12-21 11:42:32] [info]: server started and listening...
[2018-12-21 11:44:05] [info]: server started and listening...
[2018-12-21 11:45:02] [info]: server started and listening...
[2018-12-21 11:46:24] [info]: server started and listening...
[2018-12-21 11:47:06] [info]: server started and listening...
[2018-12-21 11:48:41] [info]: trnPkQE0vWAhYlKfAAAA connected
[2018-12-21 11:48:41] [info]: joined {"id":"trnPkQE0vWAhYlKfAAAA","appId":"test1","nickname":"admin1","authenticated":true,"connectionTime":"2018-12-21T16:48:41.778Z"}
[2018-12-21 11:48:41] [info]: total clients 1
[2018-12-21 11:48:48] [info]: {"id":"trnPkQE0vWAhYlKfAAAA","appId":"test1","nickname":"admin1","authenticated":true,"connectionTime":"2018-12-21T16:48:41.778Z"} disconnected
[2018-12-21 11:48:48] [info]: total clients 0
[2018-12-21 11:58:06] [info]: server started and listening...
[2018-12-21 11:58:17] [info]: server started and listening...
[2018-12-21 12:17:11] [info]: server started and listening...
[2018-12-21 12:18:56] [info]: server started and listening...
[2018-12-21 12:19:48] [info]: server started and listening...
[2018-12-21 12:20:57] [info]: server started and listening...
[2018-12-21 12:21:33] [info]: server started and listening...
[2018-12-21 12:23:25] [info]: server started and listening...
[2018-12-21 12:38:06] [info]: server started and listening...
[2018-12-21 12:40:05] [info]: server started and listening...
[2018-12-21 12:45:28] [info]: server started and listening...
[2018-12-21 12:46:39] [info]: server started and listening...
[2018-12-21 12:47:53] [info]: server started and listening...
[2018-12-21 13:00:20] [info]: server started and listening...
[2018-12-21 13:00:35] [info]: server started and listening...
